<?xml version="1.0" encoding="UTF-8"?>
<!-- Generated by org.testng.reporters.JUnitXMLReporter -->
<testsuite hostname="DESKTOP-AF5L4ES" ignored="4" name="testNYT" tests="3" failures="0" timestamp="28 May 2017 13:38:08 GMT" time="305.0" errors="0">
  <testcase name="testSectionMenu" time="7.61" classname="testHomePage.TestSectionMenu"/>
  <testcase name="testPlayVideo" time="17.008" classname="testHomePage.TestPlayVideo"/>
  <testcase name="showWather" time="0.979" classname="testHomePage.TestShowWeather"/>
  <testcase name="@AfterSuite generateReport" time="0.0" classname="base.CommonAPI">
    <ignored/>
  </testcase> <!-- @AfterSuite generateReport -->
  <testcase name="@AfterSuite generateReport" time="0.0" classname="base.CommonAPI">
    <ignored/>
  </testcase> <!-- @AfterSuite generateReport -->
  <testcase name="@BeforeSuite extentSetup" time="0.0" classname="base.CommonAPI">
    <ignored/>
  </testcase> <!-- @BeforeSuite extentSetup -->
  <testcase name="@BeforeSuite extentSetup" time="0.0" classname="base.CommonAPI">
    <ignored/>
  </testcase> <!-- @BeforeSuite extentSetup -->
</testsuite> <!-- testNYT -->
