<?xml version="1.0" encoding="UTF-8"?>
<testng-results skipped="0" failed="0" ignored="4" total="5" passed="1">
  <reporter-output>
    <line>
      <![CDATA[Extent Report directory: C:\Users\mehmet\IdeaProjects\develope\automation6\automation-march2017\EnterpriseCar\target\surefire-reports\html]]>
    </line>
    <line>
      <![CDATA[Epic: Metro AC:1,2 <a https://peoplentch.atlassian.net/browse/GREEN-7> GREEN-7 </a>]]>
    </line>
    <line>
      <![CDATA[Launch local browser Instance]]>
    </line>
    <line>
      <![CDATA[MainMenus: rent Menu]]>
    </line>
  </reporter-output>
  <suite name="EnterpriseCar" duration-ms="40848" started-at="2017-05-27T15:31:40Z" finished-at="2017-05-27T15:32:21Z">
    <groups>
    </groups>
    <test name="Enterprise Car Rent" duration-ms="40848" started-at="2017-05-27T15:31:40Z" finished-at="2017-05-27T15:32:21Z">
      <class name="testSearch.TestZipCode">
        <test-method status="PASS" signature="extentSetup(org.testng.ITestContext)[pri:0, instance:testSearch.TestZipCode@2d3fcdbd]" name="extentSetup" is-config="true" duration-ms="500" started-at="2017-05-27T11:31:40Z" finished-at="2017-05-27T11:31:40Z">
          <params>
            <param index="0">
              <value>
                <![CDATA[org.testng.TestRunner@516be40f]]>
              </value>
            </param>
          </params>
          <reporter-output>
            <line>
              <![CDATA[Extent Report directory: C:\Users\mehmet\IdeaProjects\develope\automation6\automation-march2017\EnterpriseCar\target\surefire-reports\html]]>
            </line>
          </reporter-output>
        </test-method> <!-- extentSetup -->
        <test-method status="PASS" signature="generateReport()[pri:0, instance:testSearch.TestZipCode@2d3fcdbd]" name="generateReport" is-config="true" duration-ms="68" started-at="2017-05-27T11:32:21Z" finished-at="2017-05-27T11:32:21Z">
          <reporter-output>
          </reporter-output>
        </test-method> <!-- generateReport -->
      </class> <!-- testSearch.TestZipCode -->
      <class name="testSearch.TestMainMenus">
        <test-method status="PASS" signature="setUp(boolean, java.lang.String, java.lang.String, java.lang.String, java.lang.String, java.lang.String, java.lang.String)[pri:0, instance:testSearch.TestMainMenus@617c74e5]" name="setUp" is-config="true" duration-ms="30311" started-at="2017-05-27T11:31:40Z" finished-at="2017-05-27T11:32:11Z">
          <params>
            <param index="0">
              <value>
                <![CDATA[false]]>
              </value>
            </param>
            <param index="1">
              <value>
                <![CDATA[browserstack]]>
              </value>
            </param>
            <param index="2">
              <value>
                <![CDATA[Windows]]>
              </value>
            </param>
            <param index="3">
              <value>
                <![CDATA[10]]>
              </value>
            </param>
            <param index="4">
              <value>
                <![CDATA[firefox]]>
              </value>
            </param>
            <param index="5">
              <value>
                <![CDATA[53.0]]>
              </value>
            </param>
            <param index="6">
              <value>
                <![CDATA[https://www.enterprise.com]]>
              </value>
            </param>
          </params>
          <reporter-output>
          </reporter-output>
        </test-method> <!-- setUp -->
        <test-method status="PASS" signature="startExtent(java.lang.reflect.Method)[pri:0, instance:testSearch.TestMainMenus@617c74e5]" name="startExtent" is-config="true" duration-ms="18" started-at="2017-05-27T11:32:11Z" finished-at="2017-05-27T11:32:11Z">
          <params>
            <param index="0">
              <value>
                <![CDATA[public void testSearch.TestMainMenus.testRentMenu() throws java.lang.InterruptedException]]>
              </value>
            </param>
          </params>
          <reporter-output>
          </reporter-output>
        </test-method> <!-- startExtent -->
        <test-method status="PASS" signature="testRentMenu()[pri:0, instance:testSearch.TestMainMenus@617c74e5]" name="testRentMenu" duration-ms="7081" started-at="2017-05-27T11:32:11Z" finished-at="2017-05-27T11:32:18Z">
          <reporter-output>
            <line>
              <![CDATA[Epic: Metro AC:1,2 <a https://peoplentch.atlassian.net/browse/GREEN-7> GREEN-7 </a>]]>
            </line>
            <line>
              <![CDATA[Launch local browser Instance]]>
            </line>
            <line>
              <![CDATA[MainMenus: rent Menu]]>
            </line>
          </reporter-output>
        </test-method> <!-- testRentMenu -->
        <test-method status="PASS" signature="afterEachTestMethod(org.testng.ITestResult)[pri:0, instance:testSearch.TestMainMenus@617c74e5]" name="afterEachTestMethod" is-config="true" duration-ms="3400" started-at="2017-05-27T11:32:18Z" finished-at="2017-05-27T11:32:21Z">
          <params>
            <param index="0">
              <value>
                <![CDATA[[TestResult name=testRentMenu status=SUCCESS method=TestMainMenus.testRentMenu()[pri:0, instance:testSearch.TestMainMenus@617c74e5] output=Epic: Metro AC:1,2 <a https://peoplentch.atlassian.net/browse/GREEN-7> GREEN-7 </a>]]]>
              </value>
            </param>
          </params>
          <reporter-output>
          </reporter-output>
        </test-method> <!-- afterEachTestMethod -->
        <test-method status="PASS" signature="cleanUp()[pri:0, instance:testSearch.TestMainMenus@617c74e5]" name="cleanUp" is-config="true" duration-ms="1" started-at="2017-05-27T11:32:21Z" finished-at="2017-05-27T11:32:21Z">
          <reporter-output>
          </reporter-output>
        </test-method> <!-- cleanUp -->
      </class> <!-- testSearch.TestMainMenus -->
    </test> <!-- Enterprise Car Rent -->
  </suite> <!-- EnterpriseCar -->
</testng-results>
