<?xml version="1.0" encoding="UTF-8"?>
<testng-results skipped="0" failed="0" ignored="4" total="7" passed="3">
  <reporter-output>
    <line>
      <![CDATA[Extent Report directory: C:\Users\mehmet\Documents\myprojects\automation_test\AutomationTest\NYT\target\surefire-reports\html]]>
    </line>
    <line>
      <![CDATA[Epic: Metro AC:1,2 <a https://peoplentch.atlassian.net/browse/GREEN-7> GREEN-7 </a>]]>
    </line>
    <line>
      <![CDATA[Launch local browser Instance]]>
    </line>
    <line>
      <![CDATA[SectionMenu: sentionmenus]]>
    </line>
    <line>
      <![CDATA[Epic: Metro AC:1,2 <a https://peoplentch.atlassian.net/browse/GREEN-7> GREEN-7 </a>]]>
    </line>
    <line>
      <![CDATA[Launch local browser Instance]]>
    </line>
    <line>
      <![CDATA[PlayVideo: playvideo]]>
    </line>
    <line>
      <![CDATA[Epic: Metro AC:1,2 <a https://peoplentch.atlassian.net/browse/GREEN-7> GREEN-7 </a>]]>
    </line>
    <line>
      <![CDATA[Launch local browser Instance]]>
    </line>
    <line>
      <![CDATA[ShowWeather: weather Forcast]]>
    </line>
  </reporter-output>
  <suite name="NYT" duration-ms="305000" started-at="2017-05-28T13:33:03Z" finished-at="2017-05-28T13:38:08Z">
    <groups>
    </groups>
    <test name="testNYT" duration-ms="305000" started-at="2017-05-28T13:33:03Z" finished-at="2017-05-28T13:38:08Z">
      <class name="testHomePage.TestShowWeather">
        <test-method status="PASS" signature="setUp(boolean, java.lang.String, java.lang.String, java.lang.String, java.lang.String, java.lang.String, java.lang.String)[pri:0, instance:testHomePage.TestShowWeather@6537cf78]" name="setUp" is-config="true" duration-ms="69311" started-at="2017-05-28T09:36:37Z" finished-at="2017-05-28T09:37:47Z">
          <params>
            <param index="0">
              <value>
                <![CDATA[false]]>
              </value>
            </param>
            <param index="1">
              <value>
                <![CDATA[browserstack]]>
              </value>
            </param>
            <param index="2">
              <value>
                <![CDATA[Windows]]>
              </value>
            </param>
            <param index="3">
              <value>
                <![CDATA[10]]>
              </value>
            </param>
            <param index="4">
              <value>
                <![CDATA[firefox]]>
              </value>
            </param>
            <param index="5">
              <value>
                <![CDATA[53.0]]>
              </value>
            </param>
            <param index="6">
              <value>
                <![CDATA[https://www.nytimes.com]]>
              </value>
            </param>
          </params>
          <reporter-output>
          </reporter-output>
        </test-method> <!-- setUp -->
        <test-method status="PASS" signature="startExtent(java.lang.reflect.Method)[pri:0, instance:testHomePage.TestShowWeather@6537cf78]" name="startExtent" is-config="true" duration-ms="2" started-at="2017-05-28T09:37:47Z" finished-at="2017-05-28T09:37:47Z">
          <params>
            <param index="0">
              <value>
                <![CDATA[public void testHomePage.TestShowWeather.showWather()]]>
              </value>
            </param>
          </params>
          <reporter-output>
          </reporter-output>
        </test-method> <!-- startExtent -->
        <test-method status="PASS" signature="showWather()[pri:0, instance:testHomePage.TestShowWeather@6537cf78]" name="showWather" duration-ms="979" started-at="2017-05-28T09:37:47Z" finished-at="2017-05-28T09:37:48Z">
          <reporter-output>
            <line>
              <![CDATA[Epic: Metro AC:1,2 <a https://peoplentch.atlassian.net/browse/GREEN-7> GREEN-7 </a>]]>
            </line>
            <line>
              <![CDATA[Launch local browser Instance]]>
            </line>
            <line>
              <![CDATA[ShowWeather: weather Forcast]]>
            </line>
          </reporter-output>
        </test-method> <!-- showWather -->
        <test-method status="PASS" signature="afterEachTestMethod(org.testng.ITestResult)[pri:0, instance:testHomePage.TestShowWeather@6537cf78]" name="afterEachTestMethod" is-config="true" duration-ms="20094" started-at="2017-05-28T09:37:48Z" finished-at="2017-05-28T09:38:08Z">
          <params>
            <param index="0">
              <value>
                <![CDATA[[TestResult name=showWather status=SUCCESS method=TestShowWeather.showWather()[pri:0, instance:testHomePage.TestShowWeather@6537cf78] output=Epic: Metro AC:1,2 <a https://peoplentch.atlassian.net/browse/GREEN-7> GREEN-7 </a>]]]>
              </value>
            </param>
          </params>
          <reporter-output>
          </reporter-output>
        </test-method> <!-- afterEachTestMethod -->
        <test-method status="PASS" signature="cleanUp()[pri:0, instance:testHomePage.TestShowWeather@6537cf78]" name="cleanUp" is-config="true" duration-ms="0" started-at="2017-05-28T09:38:08Z" finished-at="2017-05-28T09:38:08Z">
          <reporter-output>
          </reporter-output>
        </test-method> <!-- cleanUp -->
      </class> <!-- testHomePage.TestShowWeather -->
      <class name="testHomePage.TestPlayVideo">
        <test-method status="PASS" signature="setUp(boolean, java.lang.String, java.lang.String, java.lang.String, java.lang.String, java.lang.String, java.lang.String)[pri:0, instance:testHomePage.TestPlayVideo@617c74e5]" name="setUp" is-config="true" duration-ms="78945" started-at="2017-05-28T09:34:34Z" finished-at="2017-05-28T09:35:53Z">
          <params>
            <param index="0">
              <value>
                <![CDATA[false]]>
              </value>
            </param>
            <param index="1">
              <value>
                <![CDATA[browserstack]]>
              </value>
            </param>
            <param index="2">
              <value>
                <![CDATA[Windows]]>
              </value>
            </param>
            <param index="3">
              <value>
                <![CDATA[10]]>
              </value>
            </param>
            <param index="4">
              <value>
                <![CDATA[firefox]]>
              </value>
            </param>
            <param index="5">
              <value>
                <![CDATA[53.0]]>
              </value>
            </param>
            <param index="6">
              <value>
                <![CDATA[https://www.nytimes.com]]>
              </value>
            </param>
          </params>
          <reporter-output>
          </reporter-output>
        </test-method> <!-- setUp -->
        <test-method status="PASS" signature="startExtent(java.lang.reflect.Method)[pri:0, instance:testHomePage.TestPlayVideo@617c74e5]" name="startExtent" is-config="true" duration-ms="21" started-at="2017-05-28T09:35:53Z" finished-at="2017-05-28T09:35:53Z">
          <params>
            <param index="0">
              <value>
                <![CDATA[public void testHomePage.TestPlayVideo.testPlayVideo() throws java.lang.InterruptedException]]>
              </value>
            </param>
          </params>
          <reporter-output>
          </reporter-output>
        </test-method> <!-- startExtent -->
        <test-method status="PASS" signature="testPlayVideo()[pri:0, instance:testHomePage.TestPlayVideo@617c74e5]" name="testPlayVideo" duration-ms="17008" started-at="2017-05-28T09:35:53Z" finished-at="2017-05-28T09:36:10Z">
          <reporter-output>
            <line>
              <![CDATA[Epic: Metro AC:1,2 <a https://peoplentch.atlassian.net/browse/GREEN-7> GREEN-7 </a>]]>
            </line>
            <line>
              <![CDATA[Launch local browser Instance]]>
            </line>
            <line>
              <![CDATA[PlayVideo: playvideo]]>
            </line>
          </reporter-output>
        </test-method> <!-- testPlayVideo -->
        <test-method status="PASS" signature="afterEachTestMethod(org.testng.ITestResult)[pri:0, instance:testHomePage.TestPlayVideo@617c74e5]" name="afterEachTestMethod" is-config="true" duration-ms="27466" started-at="2017-05-28T09:36:10Z" finished-at="2017-05-28T09:36:37Z">
          <params>
            <param index="0">
              <value>
                <![CDATA[[TestResult name=testPlayVideo status=SUCCESS method=TestPlayVideo.testPlayVideo()[pri:0, instance:testHomePage.TestPlayVideo@617c74e5] output=Epic: Metro AC:1,2 <a https://peoplentch.atlassian.net/browse/GREEN-7> GREEN-7 </a>]]]>
              </value>
            </param>
          </params>
          <reporter-output>
          </reporter-output>
        </test-method> <!-- afterEachTestMethod -->
        <test-method status="PASS" signature="cleanUp()[pri:0, instance:testHomePage.TestPlayVideo@617c74e5]" name="cleanUp" is-config="true" duration-ms="1" started-at="2017-05-28T09:36:37Z" finished-at="2017-05-28T09:36:37Z">
          <reporter-output>
          </reporter-output>
        </test-method> <!-- cleanUp -->
      </class> <!-- testHomePage.TestPlayVideo -->
      <class name="testHomePage.TestSectionMenu">
        <test-method status="PASS" signature="extentSetup(org.testng.ITestContext)[pri:0, instance:testHomePage.TestSectionMenu@2d3fcdbd]" name="extentSetup" is-config="true" duration-ms="1278" started-at="2017-05-28T09:33:01Z" finished-at="2017-05-28T09:33:03Z">
          <params>
            <param index="0">
              <value>
                <![CDATA[org.testng.TestRunner@797badd3]]>
              </value>
            </param>
          </params>
          <reporter-output>
            <line>
              <![CDATA[Extent Report directory: C:\Users\mehmet\Documents\myprojects\automation_test\AutomationTest\NYT\target\surefire-reports\html]]>
            </line>
          </reporter-output>
        </test-method> <!-- extentSetup -->
        <test-method status="PASS" signature="setUp(boolean, java.lang.String, java.lang.String, java.lang.String, java.lang.String, java.lang.String, java.lang.String)[pri:0, instance:testHomePage.TestSectionMenu@2d3fcdbd]" name="setUp" is-config="true" duration-ms="68280" started-at="2017-05-28T09:33:03Z" finished-at="2017-05-28T09:34:11Z">
          <params>
            <param index="0">
              <value>
                <![CDATA[false]]>
              </value>
            </param>
            <param index="1">
              <value>
                <![CDATA[browserstack]]>
              </value>
            </param>
            <param index="2">
              <value>
                <![CDATA[Windows]]>
              </value>
            </param>
            <param index="3">
              <value>
                <![CDATA[10]]>
              </value>
            </param>
            <param index="4">
              <value>
                <![CDATA[firefox]]>
              </value>
            </param>
            <param index="5">
              <value>
                <![CDATA[53.0]]>
              </value>
            </param>
            <param index="6">
              <value>
                <![CDATA[https://www.nytimes.com]]>
              </value>
            </param>
          </params>
          <reporter-output>
          </reporter-output>
        </test-method> <!-- setUp -->
        <test-method status="PASS" signature="startExtent(java.lang.reflect.Method)[pri:0, instance:testHomePage.TestSectionMenu@2d3fcdbd]" name="startExtent" is-config="true" duration-ms="12" started-at="2017-05-28T09:34:11Z" finished-at="2017-05-28T09:34:11Z">
          <params>
            <param index="0">
              <value>
                <![CDATA[public void testHomePage.TestSectionMenu.testSectionMenu() throws java.lang.InterruptedException]]>
              </value>
            </param>
          </params>
          <reporter-output>
          </reporter-output>
        </test-method> <!-- startExtent -->
        <test-method status="PASS" signature="testSectionMenu()[pri:0, instance:testHomePage.TestSectionMenu@2d3fcdbd]" name="testSectionMenu" duration-ms="7610" started-at="2017-05-28T09:34:11Z" finished-at="2017-05-28T09:34:19Z">
          <reporter-output>
            <line>
              <![CDATA[Epic: Metro AC:1,2 <a https://peoplentch.atlassian.net/browse/GREEN-7> GREEN-7 </a>]]>
            </line>
            <line>
              <![CDATA[Launch local browser Instance]]>
            </line>
            <line>
              <![CDATA[SectionMenu: sentionmenus]]>
            </line>
          </reporter-output>
        </test-method> <!-- testSectionMenu -->
        <test-method status="PASS" signature="afterEachTestMethod(org.testng.ITestResult)[pri:0, instance:testHomePage.TestSectionMenu@2d3fcdbd]" name="afterEachTestMethod" is-config="true" duration-ms="15159" started-at="2017-05-28T09:34:19Z" finished-at="2017-05-28T09:34:34Z">
          <params>
            <param index="0">
              <value>
                <![CDATA[[TestResult name=testSectionMenu status=SUCCESS method=TestSectionMenu.testSectionMenu()[pri:0, instance:testHomePage.TestSectionMenu@2d3fcdbd] output=Epic: Metro AC:1,2 <a https://peoplentch.atlassian.net/browse/GREEN-7> GREEN-7 </a>]]]>
              </value>
            </param>
          </params>
          <reporter-output>
          </reporter-output>
        </test-method> <!-- afterEachTestMethod -->
        <test-method status="PASS" signature="cleanUp()[pri:0, instance:testHomePage.TestSectionMenu@2d3fcdbd]" name="cleanUp" is-config="true" duration-ms="0" started-at="2017-05-28T09:34:34Z" finished-at="2017-05-28T09:34:34Z">
          <reporter-output>
          </reporter-output>
        </test-method> <!-- cleanUp -->
        <test-method status="PASS" signature="generateReport()[pri:0, instance:testHomePage.TestSectionMenu@2d3fcdbd]" name="generateReport" is-config="true" duration-ms="156" started-at="2017-05-28T09:38:08Z" finished-at="2017-05-28T09:38:08Z">
          <reporter-output>
          </reporter-output>
        </test-method> <!-- generateReport -->
      </class> <!-- testHomePage.TestSectionMenu -->
    </test> <!-- testNYT -->
  </suite> <!-- NYT -->
</testng-results>
